Started GET "/" for ::1 at 2020-12-28 15:05:19 -0800
  
ActiveRecord::PendingMigrationError (

Migrations are pending. To resolve this issue, run:

        bin/rails db:migrate RAILS_ENV=development

):
  
activerecord (5.2.4.4) lib/active_record/migration.rb:579:in `check_pending!'
activerecord (5.2.4.4) lib/active_record/migration.rb:556:in `call'
actionpack (5.2.4.4) lib/action_dispatch/middleware/callbacks.rb:28:in `block in call'
activesupport (5.2.4.4) lib/active_support/callbacks.rb:98:in `run_callbacks'
actionpack (5.2.4.4) lib/action_dispatch/middleware/callbacks.rb:26:in `call'
actionpack (5.2.4.4) lib/action_dispatch/middleware/executor.rb:14:in `call'
actionpack (5.2.4.4) lib/action_dispatch/middleware/debug_exceptions.rb:61:in `call'
web-console (3.7.0) lib/web_console/middleware.rb:135:in `call_app'
web-console (3.7.0) lib/web_console/middleware.rb:30:in `block in call'
web-console (3.7.0) lib/web_console/middleware.rb:20:in `catch'
web-console (3.7.0) lib/web_console/middleware.rb:20:in `call'
actionpack (5.2.4.4) lib/action_dispatch/middleware/show_exceptions.rb:33:in `call'
railties (5.2.4.4) lib/rails/rack/logger.rb:38:in `call_app'
railties (5.2.4.4) lib/rails/rack/logger.rb:26:in `block in call'
activesupport (5.2.4.4) lib/active_support/tagged_logging.rb:71:in `block in tagged'
activesupport (5.2.4.4) lib/active_support/tagged_logging.rb:28:in `tagged'
activesupport (5.2.4.4) lib/active_support/tagged_logging.rb:71:in `tagged'
railties (5.2.4.4) lib/rails/rack/logger.rb:26:in `call'
sprockets-rails (3.2.2) lib/sprockets/rails/quiet_assets.rb:13:in `call'
actionpack (5.2.4.4) lib/action_dispatch/middleware/remote_ip.rb:81:in `call'
actionpack (5.2.4.4) lib/action_dispatch/middleware/request_id.rb:27:in `call'
rack (2.2.3) lib/rack/method_override.rb:24:in `call'
rack (2.2.3) lib/rack/runtime.rb:22:in `call'
activesupport (5.2.4.4) lib/active_support/cache/strategy/local_cache_middleware.rb:29:in `call'
actionpack (5.2.4.4) lib/action_dispatch/middleware/executor.rb:14:in `call'
actionpack (5.2.4.4) lib/action_dispatch/middleware/static.rb:127:in `call'
rack (2.2.3) lib/rack/sendfile.rb:110:in `call'
railties (5.2.4.4) lib/rails/engine.rb:524:in `call'
puma (3.12.6) lib/puma/configuration.rb:227:in `call'
puma (3.12.6) lib/puma/server.rb:706:in `handle_request'
puma (3.12.6) lib/puma/server.rb:476:in `process_client'
puma (3.12.6) lib/puma/server.rb:334:in `block in run'
puma (3.12.6) lib/puma/thread_pool.rb:135:in `block in spawn_thread'
  [1m[35m (0.1ms)[0m  [1m[34mSELECT sqlite_version(*)[0m
  ↳ bin/rails:9
  [1m[35m (1.5ms)[0m  [1m[35mCREATE TABLE "schema_migrations" ("version" varchar NOT NULL PRIMARY KEY)[0m
  ↳ bin/rails:9
  [1m[35m (0.9ms)[0m  [1m[35mCREATE TABLE "ar_internal_metadata" ("key" varchar NOT NULL PRIMARY KEY, "value" varchar, "created_at" datetime NOT NULL, "updated_at" datetime NOT NULL)[0m
  ↳ bin/rails:9
  [1m[35m (0.2ms)[0m  [1m[34mSELECT "schema_migrations"."version" FROM "schema_migrations" ORDER BY "schema_migrations"."version" ASC[0m
  ↳ bin/rails:9
Migrating to CreateHazardousGoods (20201228230512)
  [1m[35m (0.0ms)[0m  [1m[36mbegin transaction[0m
  ↳ bin/rails:9
  [1m[35m (0.5ms)[0m  [1m[35mCREATE TABLE "hazardous_goods" ("id" integer PRIMARY KEY AUTOINCREMENT NOT NULL, "name" varchar, "un_number" integer, "primary_class" varchar, "secondary_class" varchar, "packing_group" varchar, "tunnel_code" varchar, "created_at" datetime NOT NULL, "updated_at" datetime NOT NULL)[0m
  ↳ db/migrate/20201228230512_create_hazardous_goods.rb:3
  [1m[36mActiveRecord::SchemaMigration Create (0.1ms)[0m  [1m[32mINSERT INTO "schema_migrations" ("version") VALUES (?)[0m  [["version", "20201228230512"]]
  ↳ bin/rails:9
  [1m[35m (0.7ms)[0m  [1m[36mcommit transaction[0m
  ↳ bin/rails:9
  [1m[36mActiveRecord::InternalMetadata Load (0.1ms)[0m  [1m[34mSELECT  "ar_internal_metadata".* FROM "ar_internal_metadata" WHERE "ar_internal_metadata"."key" = ? LIMIT ?[0m  [["key", "environment"], ["LIMIT", 1]]
  ↳ bin/rails:9
  [1m[35m (0.0ms)[0m  [1m[36mbegin transaction[0m
  ↳ bin/rails:9
  [1m[36mActiveRecord::InternalMetadata Create (0.3ms)[0m  [1m[32mINSERT INTO "ar_internal_metadata" ("key", "value", "created_at", "updated_at") VALUES (?, ?, ?, ?)[0m  [["key", "environment"], ["value", "development"], ["created_at", "2020-12-28 23:05:33.096611"], ["updated_at", "2020-12-28 23:05:33.096611"]]
  ↳ bin/rails:9
  [1m[35m (0.6ms)[0m  [1m[36mcommit transaction[0m
  ↳ bin/rails:9
  [1m[35m (0.1ms)[0m  [1m[34mSELECT "schema_migrations"."version" FROM "schema_migrations" ORDER BY "schema_migrations"."version" ASC[0m
  ↳ bin/rails:9
Started GET "/" for ::1 at 2020-12-28 15:05:39 -0800
  [1m[35m (0.2ms)[0m  [1m[34mSELECT "schema_migrations"."version" FROM "schema_migrations" ORDER BY "schema_migrations"."version" ASC[0m
  ↳ /Users/sdiviney/.rbenv/versions/2.6.6/lib/ruby/gems/2.6.0/gems/activerecord-5.2.4.4/lib/active_record/log_subscriber.rb:98
Processing by Rails::WelcomeController#index as HTML
  Rendering /Users/sdiviney/.rbenv/versions/2.6.6/lib/ruby/gems/2.6.0/gems/railties-5.2.4.4/lib/rails/templates/rails/welcome/index.html.erb
  Rendered /Users/sdiviney/.rbenv/versions/2.6.6/lib/ruby/gems/2.6.0/gems/railties-5.2.4.4/lib/rails/templates/rails/welcome/index.html.erb (6.9ms)
Completed 200 OK in 24ms (Views: 19.3ms | ActiveRecord: 0.0ms)


Started GET "/hazardous_goods" for ::1 at 2020-12-28 15:05:46 -0800
Processing by HazardousGoodsController#index as HTML
  Rendering hazardous_goods/index.html.erb within layouts/application
  [1m[36mHazardousGood Load (0.2ms)[0m  [1m[34mSELECT "hazardous_goods".* FROM "hazardous_goods"[0m
  ↳ app/views/hazardous_goods/index.html.erb:19
  Rendered hazardous_goods/index.html.erb within layouts/application (2.3ms)
Completed 200 OK in 400ms (Views: 395.1ms | ActiveRecord: 0.4ms)


Started GET "/hazardous_goods/new" for ::1 at 2020-12-28 15:05:49 -0800
Processing by HazardousGoodsController#new as HTML
  Rendering hazardous_goods/new.html.erb within layouts/application
  Rendered hazardous_goods/_form.html.erb (49.9ms)
  Rendered hazardous_goods/new.html.erb within layouts/application (52.2ms)
Completed 200 OK in 79ms (Views: 66.0ms | ActiveRecord: 0.9ms)


  [1m[35m (0.1ms)[0m  [1m[34mSELECT "schema_migrations"."version" FROM "schema_migrations" ORDER BY "schema_migrations"."version" ASC[0m
  ↳ bin/rails:9
Migrating to CreateAddresses (20201228230953)
  [1m[35m (0.0ms)[0m  [1m[36mbegin transaction[0m
  ↳ bin/rails:9
  [1m[35m (0.1ms)[0m  [1m[34mSELECT sqlite_version(*)[0m
  ↳ db/migrate/20201228230953_create_addresses.rb:3
  [1m[35m (0.4ms)[0m  [1m[35mCREATE TABLE "addresses" ("id" integer PRIMARY KEY AUTOINCREMENT NOT NULL, "address" text, "lat" float, "long" float, "eircode" varchar, "created_at" datetime NOT NULL, "updated_at" datetime NOT NULL)[0m
  ↳ db/migrate/20201228230953_create_addresses.rb:3
  [1m[36mActiveRecord::SchemaMigration Create (0.2ms)[0m  [1m[32mINSERT INTO "schema_migrations" ("version") VALUES (?)[0m  [["version", "20201228230953"]]
  ↳ bin/rails:9
  [1m[35m (0.9ms)[0m  [1m[36mcommit transaction[0m
  ↳ bin/rails:9
  [1m[36mActiveRecord::InternalMetadata Load (0.1ms)[0m  [1m[34mSELECT  "ar_internal_metadata".* FROM "ar_internal_metadata" WHERE "ar_internal_metadata"."key" = ? LIMIT ?[0m  [["key", "environment"], ["LIMIT", 1]]
  ↳ bin/rails:9
  [1m[35m (0.1ms)[0m  [1m[36mbegin transaction[0m
  ↳ bin/rails:9
  [1m[35m (0.1ms)[0m  [1m[36mcommit transaction[0m
  ↳ bin/rails:9
  [1m[35m (0.1ms)[0m  [1m[34mSELECT "schema_migrations"."version" FROM "schema_migrations" ORDER BY "schema_migrations"."version" ASC[0m
  ↳ bin/rails:9
Started GET "/address" for ::1 at 2020-12-28 15:10:04 -0800
  [1m[35m (0.1ms)[0m  [1m[34mSELECT "schema_migrations"."version" FROM "schema_migrations" ORDER BY "schema_migrations"."version" ASC[0m
  ↳ /Users/sdiviney/.rbenv/versions/2.6.6/lib/ruby/gems/2.6.0/gems/activerecord-5.2.4.4/lib/active_record/log_subscriber.rb:98
  
ActionController::RoutingError (No route matches [GET] "/address"):
  
actionpack (5.2.4.4) lib/action_dispatch/middleware/debug_exceptions.rb:65:in `call'
web-console (3.7.0) lib/web_console/middleware.rb:135:in `call_app'
web-console (3.7.0) lib/web_console/middleware.rb:30:in `block in call'
web-console (3.7.0) lib/web_console/middleware.rb:20:in `catch'
web-console (3.7.0) lib/web_console/middleware.rb:20:in `call'
actionpack (5.2.4.4) lib/action_dispatch/middleware/show_exceptions.rb:33:in `call'
railties (5.2.4.4) lib/rails/rack/logger.rb:38:in `call_app'
railties (5.2.4.4) lib/rails/rack/logger.rb:26:in `block in call'
activesupport (5.2.4.4) lib/active_support/tagged_logging.rb:71:in `block in tagged'
activesupport (5.2.4.4) lib/active_support/tagged_logging.rb:28:in `tagged'
activesupport (5.2.4.4) lib/active_support/tagged_logging.rb:71:in `tagged'
railties (5.2.4.4) lib/rails/rack/logger.rb:26:in `call'
sprockets-rails (3.2.2) lib/sprockets/rails/quiet_assets.rb:13:in `call'
actionpack (5.2.4.4) lib/action_dispatch/middleware/remote_ip.rb:81:in `call'
actionpack (5.2.4.4) lib/action_dispatch/middleware/request_id.rb:27:in `call'
rack (2.2.3) lib/rack/method_override.rb:24:in `call'
rack (2.2.3) lib/rack/runtime.rb:22:in `call'
activesupport (5.2.4.4) lib/active_support/cache/strategy/local_cache_middleware.rb:29:in `call'
actionpack (5.2.4.4) lib/action_dispatch/middleware/executor.rb:14:in `call'
actionpack (5.2.4.4) lib/action_dispatch/middleware/static.rb:127:in `call'
rack (2.2.3) lib/rack/sendfile.rb:110:in `call'
railties (5.2.4.4) lib/rails/engine.rb:524:in `call'
puma (3.12.6) lib/puma/configuration.rb:227:in `call'
puma (3.12.6) lib/puma/server.rb:706:in `handle_request'
puma (3.12.6) lib/puma/server.rb:476:in `process_client'
puma (3.12.6) lib/puma/server.rb:334:in `block in run'
puma (3.12.6) lib/puma/thread_pool.rb:135:in `block in spawn_thread'
Started GET "/addresses" for ::1 at 2020-12-28 15:10:08 -0800
Processing by AddressesController#index as HTML
  Rendering addresses/index.html.erb within layouts/application
  [1m[36mAddress Load (0.1ms)[0m  [1m[34mSELECT "addresses".* FROM "addresses"[0m
  ↳ app/views/addresses/index.html.erb:17
  Rendered addresses/index.html.erb within layouts/application (1.9ms)
Completed 200 OK in 221ms (Views: 217.0ms | ActiveRecord: 0.4ms)


Started GET "/addresses/new" for ::1 at 2020-12-28 15:10:10 -0800
Processing by AddressesController#new as HTML
  Rendering addresses/new.html.erb within layouts/application
  Rendered addresses/_form.html.erb (7.5ms)
  Rendered addresses/new.html.erb within layouts/application (9.0ms)
Completed 200 OK in 39ms (Views: 31.3ms | ActiveRecord: 0.5ms)


  [1m[35m (0.1ms)[0m  [1m[34mSELECT "schema_migrations"."version" FROM "schema_migrations" ORDER BY "schema_migrations"."version" ASC[0m
  ↳ bin/rails:9
  [1m[35m (0.2ms)[0m  [1m[34mSELECT "ar_internal_metadata"."value" FROM "ar_internal_metadata" WHERE "ar_internal_metadata"."key" = ?[0m  [["key", "environment"]]
  ↳ bin/rails:9
  [1m[35m (0.1ms)[0m  [1m[34mSELECT "schema_migrations"."version" FROM "schema_migrations" ORDER BY "schema_migrations"."version" ASC[0m
  ↳ bin/rails:9
  [1m[35m (0.1ms)[0m  [1m[34mSELECT "ar_internal_metadata"."value" FROM "ar_internal_metadata" WHERE "ar_internal_metadata"."key" = ?[0m  [["key", "environment"]]
  ↳ bin/rails:9
  [1m[35m (0.1ms)[0m  [1m[34mSELECT "schema_migrations"."version" FROM "schema_migrations" ORDER BY "schema_migrations"."version" ASC[0m
  ↳ bin/rails:9
  [1m[35m (0.1ms)[0m  [1m[34mSELECT "ar_internal_metadata"."value" FROM "ar_internal_metadata" WHERE "ar_internal_metadata"."key" = ?[0m  [["key", "environment"]]
  ↳ bin/rails:9
  [1m[35m (0.1ms)[0m  [1m[34mSELECT sqlite_version(*)[0m
  ↳ bin/rails:9
  [1m[35m (1.8ms)[0m  [1m[35mCREATE TABLE "schema_migrations" ("version" varchar NOT NULL PRIMARY KEY)[0m
  ↳ bin/rails:9
  [1m[35m (0.9ms)[0m  [1m[35mCREATE TABLE "ar_internal_metadata" ("key" varchar NOT NULL PRIMARY KEY, "value" varchar, "created_at" datetime NOT NULL, "updated_at" datetime NOT NULL)[0m
  ↳ bin/rails:9
  [1m[35m (0.1ms)[0m  [1m[34mSELECT "schema_migrations"."version" FROM "schema_migrations" ORDER BY "schema_migrations"."version" ASC[0m
  ↳ bin/rails:9
Migrating to CreateHazardousGoods (20201228230512)
  [1m[35m (0.0ms)[0m  [1m[36mbegin transaction[0m
  ↳ bin/rails:9
  [1m[35m (0.4ms)[0m  [1m[35mCREATE TABLE "hazardous_goods" ("id" integer PRIMARY KEY AUTOINCREMENT NOT NULL, "name" varchar, "un_number" integer, "primary_class" varchar, "secondary_class" varchar, "packing_group" varchar, "tunnel_code" varchar, "created_at" datetime NOT NULL, "updated_at" datetime NOT NULL)[0m
  ↳ db/migrate/20201228230512_create_hazardous_goods.rb:3
  [1m[36mActiveRecord::SchemaMigration Create (0.1ms)[0m  [1m[32mINSERT INTO "schema_migrations" ("version") VALUES (?)[0m  [["version", "20201228230512"]]
  ↳ bin/rails:9
  [1m[35m (1.0ms)[0m  [1m[36mcommit transaction[0m
  ↳ bin/rails:9
Migrating to CreateAddresses (20201228230953)
  [1m[35m (0.0ms)[0m  [1m[36mbegin transaction[0m
  ↳ bin/rails:9
  [1m[35m (0.3ms)[0m  [1m[35mCREATE TABLE "addresses" ("id" integer PRIMARY KEY AUTOINCREMENT NOT NULL, "address" text, "lat" float, "long" float, "eircode" varchar, "created_at" datetime NOT NULL, "updated_at" datetime NOT NULL)[0m
  ↳ db/migrate/20201228230953_create_addresses.rb:3
  [1m[36mActiveRecord::SchemaMigration Create (0.1ms)[0m  [1m[32mINSERT INTO "schema_migrations" ("version") VALUES (?)[0m  [["version", "20201228230953"]]
  ↳ bin/rails:9
  [1m[35m (0.7ms)[0m  [1m[36mcommit transaction[0m
  ↳ bin/rails:9
Migrating to CreateDockets (20201229005650)
  [1m[35m (0.0ms)[0m  [1m[36mbegin transaction[0m
  ↳ bin/rails:9
  [1m[35m (0.3ms)[0m  [1m[35mCREATE TABLE "dockets" ("id" integer PRIMARY KEY AUTOINCREMENT NOT NULL, "equipment_no" varchar, "customer_reference_no" varchar, "seal_no" varchar, "description" text, "return_empty" boolean, "deliver_to_id" integer, "collect_from_id" integer, "hazardous_good_id" integer, "created_at" datetime NOT NULL, "updated_at" datetime NOT NULL, CONSTRAINT "fk_rails_03c9353b6d"
FOREIGN KEY ("deliver_to_id")
  REFERENCES "deliver_tos" ("id")
, CONSTRAINT "fk_rails_5e35b804a9"
FOREIGN KEY ("collect_from_id")
  REFERENCES "collect_froms" ("id")
, CONSTRAINT "fk_rails_7533124b30"
FOREIGN KEY ("hazardous_good_id")
  REFERENCES "hazardous_goods" ("id")
)[0m
  ↳ db/migrate/20201229005650_create_dockets.rb:3
  [1m[35m (0.1ms)[0m  [1m[35mCREATE  INDEX "index_dockets_on_deliver_to_id" ON "dockets" ("deliver_to_id")[0m
  ↳ db/migrate/20201229005650_create_dockets.rb:3
  [1m[35m (0.1ms)[0m  [1m[35mCREATE  INDEX "index_dockets_on_collect_from_id" ON "dockets" ("collect_from_id")[0m
  ↳ db/migrate/20201229005650_create_dockets.rb:3
  [1m[35m (0.1ms)[0m  [1m[35mCREATE  INDEX "index_dockets_on_hazardous_good_id" ON "dockets" ("hazardous_good_id")[0m
  ↳ db/migrate/20201229005650_create_dockets.rb:3
  [1m[36mActiveRecord::SchemaMigration Create (0.1ms)[0m  [1m[32mINSERT INTO "schema_migrations" ("version") VALUES (?)[0m  [["version", "20201229005650"]]
  ↳ bin/rails:9
  [1m[35m (0.9ms)[0m  [1m[36mcommit transaction[0m
  ↳ bin/rails:9
  [1m[36mActiveRecord::InternalMetadata Load (0.1ms)[0m  [1m[34mSELECT  "ar_internal_metadata".* FROM "ar_internal_metadata" WHERE "ar_internal_metadata"."key" = ? LIMIT ?[0m  [["key", "environment"], ["LIMIT", 1]]
  ↳ bin/rails:9
  [1m[35m (0.0ms)[0m  [1m[36mbegin transaction[0m
  ↳ bin/rails:9
  [1m[36mActiveRecord::InternalMetadata Create (0.6ms)[0m  [1m[32mINSERT INTO "ar_internal_metadata" ("key", "value", "created_at", "updated_at") VALUES (?, ?, ?, ?)[0m  [["key", "environment"], ["value", "development"], ["created_at", "2020-12-29 00:58:47.677548"], ["updated_at", "2020-12-29 00:58:47.677548"]]
  ↳ bin/rails:9
  [1m[35m (1.0ms)[0m  [1m[36mcommit transaction[0m
  ↳ bin/rails:9
  [1m[35m (0.2ms)[0m  [1m[34mSELECT "schema_migrations"."version" FROM "schema_migrations" ORDER BY "schema_migrations"."version" ASC[0m
  ↳ bin/rails:9
  [1m[35m (0.1ms)[0m  [1m[34mSELECT "schema_migrations"."version" FROM "schema_migrations" ORDER BY "schema_migrations"."version" ASC[0m
  ↳ bin/rails:9
  [1m[35m (0.0ms)[0m  [1m[36mbegin transaction[0m
  ↳ db/seeds.rb:8
  [1m[36mAddress Create (0.4ms)[0m  [1m[32mINSERT INTO "addresses" ("address", "created_at", "updated_at") VALUES (?, ?, ?)[0m  [["address", "123 Fake St"], ["created_at", "2020-12-29 01:00:20.103494"], ["updated_at", "2020-12-29 01:00:20.103494"]]
  ↳ db/seeds.rb:8
  [1m[35m (1.1ms)[0m  [1m[36mcommit transaction[0m
  ↳ db/seeds.rb:8
  [1m[35m (0.0ms)[0m  [1m[36mbegin transaction[0m
  ↳ db/seeds.rb:9
  [1m[36mHazardousGood Create (0.4ms)[0m  [1m[32mINSERT INTO "hazardous_goods" ("name", "un_number", "primary_class", "secondary_class", "packing_group", "tunnel_code", "created_at", "updated_at") VALUES (?, ?, ?, ?, ?, ?, ?, ?)[0m  [["name", "Hazardous"], ["un_number", 123], ["primary_class", "1"], ["secondary_class", "2"], ["packing_group", "II"], ["tunnel_code", "123"], ["created_at", "2020-12-29 01:00:20.115016"], ["updated_at", "2020-12-29 01:00:20.115016"]]
  ↳ db/seeds.rb:9
  [1m[35m (0.7ms)[0m  [1m[36mcommit transaction[0m
  ↳ db/seeds.rb:9
Started POST "/dockets" for ::1 at 2020-12-28 17:00:31 -0800
  [1m[35m (0.2ms)[0m  [1m[34mSELECT "schema_migrations"."version" FROM "schema_migrations" ORDER BY "schema_migrations"."version" ASC[0m
  ↳ /Users/sdiviney/.rbenv/versions/2.6.6/lib/ruby/gems/2.6.0/gems/activerecord-5.2.4.4/lib/active_record/log_subscriber.rb:98
Processing by DocketsController#create as HTML
  Parameters: {"utf8"=>"✓", "authenticity_token"=>"ck1yFF9TCHfz6m2cS/rQ63ZDky9/8NtLNq+EE3Je339JN36ccSUdT3hzs4YsB5/a9KYk8Dm0sTQnI3BMTA8tNQ==", "docket"=>{"equipment_no"=>"123", "customer_reference_no"=>"123", "seal_no"=>"123", "description"=>"test", "return_empty"=>"0", "deliver_to_id"=>"1", "collect_from_id"=>"1", "hazardous_goods_id"=>"1"}, "commit"=>"Create Docket"}
Unpermitted parameter: :hazardous_goods_id
  [1m[35m (0.6ms)[0m  [1m[36mbegin transaction[0m
  ↳ app/controllers/dockets_controller.rb:30
  [1m[36mAddress Load (0.1ms)[0m  [1m[34mSELECT  "addresses".* FROM "addresses" WHERE "addresses"."id" = ? LIMIT ?[0m  [["id", 1], ["LIMIT", 1]]
  ↳ app/controllers/dockets_controller.rb:30
  [1m[36mCACHE Address Load (0.0ms)[0m  [1m[34mSELECT  "addresses".* FROM "addresses" WHERE "addresses"."id" = ? LIMIT ?[0m  [["id", 1], ["LIMIT", 1]]
  ↳ app/controllers/dockets_controller.rb:30
  [1m[35m (0.1ms)[0m  [1m[31mrollback transaction[0m
  ↳ app/controllers/dockets_controller.rb:30
  Rendering dockets/new.html.erb within layouts/application
  Rendered dockets/_form.html.erb (54.1ms)
  Rendered dockets/new.html.erb within layouts/application (56.0ms)
Completed 200 OK in 377ms (Views: 293.7ms | ActiveRecord: 2.0ms)


Started POST "/dockets" for ::1 at 2020-12-28 17:00:35 -0800
Processing by DocketsController#create as HTML
  Parameters: {"utf8"=>"✓", "authenticity_token"=>"UDvlBgucrf2H2a4nra0ObIo4czo1Uu7cbJx5IMop0YtrQemOJeq4xQxAcD3KUEFdCN3E5XMWhKN9EI1/9HgjwQ==", "docket"=>{"equipment_no"=>"123", "customer_reference_no"=>"123", "seal_no"=>"123", "description"=>"test", "return_empty"=>"0", "deliver_to_id"=>"1", "collect_from_id"=>"1", "hazardous_good_id"=>"1"}, "commit"=>"Create Docket"}
  [1m[35m (0.1ms)[0m  [1m[36mbegin transaction[0m
  ↳ app/controllers/dockets_controller.rb:30
  [1m[36mAddress Load (0.1ms)[0m  [1m[34mSELECT  "addresses".* FROM "addresses" WHERE "addresses"."id" = ? LIMIT ?[0m  [["id", 1], ["LIMIT", 1]]
  ↳ app/controllers/dockets_controller.rb:30
  [1m[36mCACHE Address Load (0.0ms)[0m  [1m[34mSELECT  "addresses".* FROM "addresses" WHERE "addresses"."id" = ? LIMIT ?[0m  [["id", 1], ["LIMIT", 1]]
  ↳ app/controllers/dockets_controller.rb:30
  [1m[36mHazardousGood Load (0.2ms)[0m  [1m[34mSELECT  "hazardous_goods".* FROM "hazardous_goods" WHERE "hazardous_goods"."id" = ? LIMIT ?[0m  [["id", 1], ["LIMIT", 1]]
  ↳ app/controllers/dockets_controller.rb:30
  [1m[36mDocket Create (0.4ms)[0m  [1m[32mINSERT INTO "dockets" ("equipment_no", "customer_reference_no", "seal_no", "description", "return_empty", "deliver_to_id", "collect_from_id", "hazardous_good_id", "created_at", "updated_at") VALUES (?, ?, ?, ?, ?, ?, ?, ?, ?, ?)[0m  [["equipment_no", "123"], ["customer_reference_no", "123"], ["seal_no", "123"], ["description", "test"], ["return_empty", 0], ["deliver_to_id", 1], ["collect_from_id", 1], ["hazardous_good_id", 1], ["created_at", "2020-12-29 01:00:35.436221"], ["updated_at", "2020-12-29 01:00:35.436221"]]
  ↳ app/controllers/dockets_controller.rb:30
  [1m[35m (0.0ms)[0m  [1m[31mrollback transaction[0m
  ↳ app/controllers/dockets_controller.rb:30
Completed 500 Internal Server Error in 13ms (ActiveRecord: 1.2ms)


  
ActiveRecord::StatementInvalid (SQLite3::SQLException: no such table: main.collect_froms: INSERT INTO "dockets" ("equipment_no", "customer_reference_no", "seal_no", "description", "return_empty", "deliver_to_id", "collect_from_id", "hazardous_good_id", "created_at", "updated_at") VALUES (?, ?, ?, ?, ?, ?, ?, ?, ?, ?)):
  
app/controllers/dockets_controller.rb:30:in `block in create'
app/controllers/dockets_controller.rb:29:in `create'
Started GET "/dockets" for ::1 at 2020-12-28 17:01:11 -0800
  [1m[35m (0.1ms)[0m  [1m[34mSELECT "schema_migrations"."version" FROM "schema_migrations" ORDER BY "schema_migrations"."version" ASC[0m
  ↳ /Users/sdiviney/.rbenv/versions/2.6.6/lib/ruby/gems/2.6.0/gems/activerecord-5.2.4.4/lib/active_record/log_subscriber.rb:98
Processing by DocketsController#index as HTML
  Rendering dockets/index.html.erb within layouts/application
  [1m[36mDocket Load (0.1ms)[0m  [1m[34mSELECT "dockets".* FROM "dockets"[0m
  ↳ app/views/dockets/index.html.erb:21
  Rendered dockets/index.html.erb within layouts/application (2.3ms)
Completed 200 OK in 191ms (Views: 182.9ms | ActiveRecord: 0.3ms)


Started GET "/dockets/new" for ::1 at 2020-12-28 17:01:13 -0800
Processing by DocketsController#new as HTML
  Rendering dockets/new.html.erb within layouts/application
  Rendered dockets/_form.html.erb (43.2ms)
  Rendered dockets/new.html.erb within layouts/application (44.5ms)
Completed 200 OK in 73ms (Views: 64.5ms | ActiveRecord: 0.4ms)


Started POST "/dockets" for ::1 at 2020-12-28 17:01:22 -0800
Processing by DocketsController#create as HTML
  Parameters: {"utf8"=>"✓", "authenticity_token"=>"5e7xH6yauo9PslMWcM5Ogf/jS9LKAX52C7+AZw7KOZ4n/Vxsvr1EVU3JzHJThQeA+WeBa+3NKAVh5MNopAu52w==", "docket"=>{"equipment_no"=>"123", "customer_reference_no"=>"123", "seal_no"=>"123", "description"=>"test", "return_empty"=>"0", "deliver_to_id"=>"1", "collect_from_id"=>"1", "hazardous_good_id"=>"1"}, "commit"=>"Create Docket"}
  [1m[36mHazardousGood Load (0.4ms)[0m  [1m[34mSELECT  "hazardous_goods".* FROM "hazardous_goods" LIMIT ?[0m  [["LIMIT", 11]]
  ↳ app/controllers/dockets_controller.rb:29
  [1m[36mAddress Load (0.2ms)[0m  [1m[34mSELECT  "addresses".* FROM "addresses" LIMIT ?[0m  [["LIMIT", 11]]
  ↳ app/controllers/dockets_controller.rb:29
  [1m[35m (0.5ms)[0m  [1m[36mbegin transaction[0m
  ↳ app/controllers/dockets_controller.rb:30
  [1m[36mAddress Load (4.8ms)[0m  [1m[34mSELECT  "addresses".* FROM "addresses" WHERE "addresses"."id" = ? LIMIT ?[0m  [["id", 1], ["LIMIT", 1]]
  ↳ app/controllers/dockets_controller.rb:30
  [1m[36mCACHE Address Load (0.1ms)[0m  [1m[34mSELECT  "addresses".* FROM "addresses" WHERE "addresses"."id" = ? LIMIT ?[0m  [["id", 1], ["LIMIT", 1]]
  ↳ app/controllers/dockets_controller.rb:30
  [1m[36mHazardousGood Load (0.7ms)[0m  [1m[34mSELECT  "hazardous_goods".* FROM "hazardous_goods" WHERE "hazardous_goods"."id" = ? LIMIT ?[0m  [["id", 1], ["LIMIT", 1]]
  ↳ app/controllers/dockets_controller.rb:30
  [1m[36mDocket Create (0.9ms)[0m  [1m[32mINSERT INTO "dockets" ("equipment_no", "customer_reference_no", "seal_no", "description", "return_empty", "deliver_to_id", "collect_from_id", "hazardous_good_id", "created_at", "updated_at") VALUES (?, ?, ?, ?, ?, ?, ?, ?, ?, ?)[0m  [["equipment_no", "123"], ["customer_reference_no", "123"], ["seal_no", "123"], ["description", "test"], ["return_empty", 0], ["deliver_to_id", 1], ["collect_from_id", 1], ["hazardous_good_id", 1], ["created_at", "2020-12-29 01:01:52.318467"], ["updated_at", "2020-12-29 01:01:52.318467"]]
  ↳ app/controllers/dockets_controller.rb:30
  [1m[35m (0.3ms)[0m  [1m[31mrollback transaction[0m
  ↳ app/controllers/dockets_controller.rb:30
Completed 500 Internal Server Error in 63275ms (ActiveRecord: 9.4ms)


  
ActiveRecord::StatementInvalid (SQLite3::SQLException: no such table: main.collect_froms: INSERT INTO "dockets" ("equipment_no", "customer_reference_no", "seal_no", "description", "return_empty", "deliver_to_id", "collect_from_id", "hazardous_good_id", "created_at", "updated_at") VALUES (?, ?, ?, ?, ?, ?, ?, ?, ?, ?)):
  
app/controllers/dockets_controller.rb:30:in `block in create'
app/controllers/dockets_controller.rb:29:in `create'
  [1m[35m (0.1ms)[0m  [1m[34mSELECT "schema_migrations"."version" FROM "schema_migrations" ORDER BY "schema_migrations"."version" ASC[0m
  ↳ bin/rails:9
  [1m[36mActiveRecord::InternalMetadata Load (0.1ms)[0m  [1m[34mSELECT  "ar_internal_metadata".* FROM "ar_internal_metadata" WHERE "ar_internal_metadata"."key" = ? LIMIT ?[0m  [["key", "environment"], ["LIMIT", 1]]
  ↳ bin/rails:9
  [1m[35m (0.0ms)[0m  [1m[36mbegin transaction[0m
  ↳ bin/rails:9
  [1m[35m (0.0ms)[0m  [1m[36mcommit transaction[0m
  ↳ bin/rails:9
  [1m[35m (0.1ms)[0m  [1m[34mSELECT "schema_migrations"."version" FROM "schema_migrations" ORDER BY "schema_migrations"."version" ASC[0m
  ↳ bin/rails:9
Started POST "/dockets" for ::1 at 2020-12-28 17:03:14 -0800
  [1m[35m (0.4ms)[0m  [1m[34mSELECT "schema_migrations"."version" FROM "schema_migrations" ORDER BY "schema_migrations"."version" ASC[0m
  ↳ /Users/sdiviney/.rbenv/versions/2.6.6/lib/ruby/gems/2.6.0/gems/activerecord-5.2.4.4/lib/active_record/log_subscriber.rb:98
Processing by DocketsController#create as HTML
  Parameters: {"utf8"=>"✓", "authenticity_token"=>"WNmAKtC1Aye6dKly52ifXT8Mh3US/rkvldudPg7sv/Bjo4yi/sMWHzHtd2iAldBsvekwqlS601CEV2lhML1Nug==", "docket"=>{"equipment_no"=>"123", "customer_reference_no"=>"123", "seal_no"=>"123", "description"=>"test", "return_empty"=>"0", "deliver_to_id"=>"1", "collect_from_id"=>"1", "hazardous_good_id"=>"1"}, "commit"=>"Create Docket"}
  [1m[35m (0.1ms)[0m  [1m[36mbegin transaction[0m
  ↳ app/controllers/dockets_controller.rb:30
  [1m[36mAddress Load (0.2ms)[0m  [1m[34mSELECT  "addresses".* FROM "addresses" WHERE "addresses"."id" = ? LIMIT ?[0m  [["id", 1], ["LIMIT", 1]]
  ↳ app/controllers/dockets_controller.rb:30
  [1m[36mCACHE Address Load (0.0ms)[0m  [1m[34mSELECT  "addresses".* FROM "addresses" WHERE "addresses"."id" = ? LIMIT ?[0m  [["id", 1], ["LIMIT", 1]]
  ↳ app/controllers/dockets_controller.rb:30
  [1m[36mHazardousGood Load (0.1ms)[0m  [1m[34mSELECT  "hazardous_goods".* FROM "hazardous_goods" WHERE "hazardous_goods"."id" = ? LIMIT ?[0m  [["id", 1], ["LIMIT", 1]]
  ↳ app/controllers/dockets_controller.rb:30
  [1m[36mDocket Create (0.4ms)[0m  [1m[32mINSERT INTO "dockets" ("equipment_no", "customer_reference_no", "seal_no", "description", "return_empty", "deliver_to_id", "collect_from_id", "hazardous_good_id", "created_at", "updated_at") VALUES (?, ?, ?, ?, ?, ?, ?, ?, ?, ?)[0m  [["equipment_no", "123"], ["customer_reference_no", "123"], ["seal_no", "123"], ["description", "test"], ["return_empty", 0], ["deliver_to_id", 1], ["collect_from_id", 1], ["hazardous_good_id", 1], ["created_at", "2020-12-29 01:03:18.537743"], ["updated_at", "2020-12-29 01:03:18.537743"]]
  ↳ app/controllers/dockets_controller.rb:30
  [1m[35m (0.1ms)[0m  [1m[31mrollback transaction[0m
  ↳ app/controllers/dockets_controller.rb:30
Completed 500 Internal Server Error in 3571ms (ActiveRecord: 2.2ms)


  
ActiveRecord::StatementInvalid (SQLite3::SQLException: no such table: main.collect_froms: INSERT INTO "dockets" ("equipment_no", "customer_reference_no", "seal_no", "description", "return_empty", "deliver_to_id", "collect_from_id", "hazardous_good_id", "created_at", "updated_at") VALUES (?, ?, ?, ?, ?, ?, ?, ?, ?, ?)):
  
app/controllers/dockets_controller.rb:30:in `block in create'
app/controllers/dockets_controller.rb:29:in `create'
Started GET "/dockets" for ::1 at 2020-12-28 17:05:32 -0800
  [1m[35m (0.1ms)[0m  [1m[34mSELECT "schema_migrations"."version" FROM "schema_migrations" ORDER BY "schema_migrations"."version" ASC[0m
  ↳ /Users/sdiviney/.rbenv/versions/2.6.6/lib/ruby/gems/2.6.0/gems/activerecord-5.2.4.4/lib/active_record/log_subscriber.rb:98
Processing by DocketsController#index as HTML
  Rendering dockets/index.html.erb within layouts/application
  [1m[36mDocket Load (0.2ms)[0m  [1m[34mSELECT "dockets".* FROM "dockets"[0m
  ↳ app/views/dockets/index.html.erb:21
  Rendered dockets/index.html.erb within layouts/application (6.6ms)
Completed 200 OK in 190ms (Views: 179.8ms | ActiveRecord: 0.4ms)


Started GET "/dockets/new" for ::1 at 2020-12-28 17:05:34 -0800
Processing by DocketsController#new as HTML
  Rendering dockets/new.html.erb within layouts/application
  Rendered dockets/_form.html.erb (13.5ms)
  Rendered dockets/new.html.erb within layouts/application (14.8ms)
Completed 200 OK in 56ms (Views: 42.4ms | ActiveRecord: 0.9ms)


Started POST "/dockets" for ::1 at 2020-12-28 17:05:44 -0800
Processing by DocketsController#create as HTML
  Parameters: {"utf8"=>"✓", "authenticity_token"=>"0Js2YTvJlFygSrWkNZVPaN7DZ83uhuWrjRv8RPxdgEwSiJsSKe5qhqIxKsAW3gZp2EetdMlKs9jnQL9LVpwACQ==", "docket"=>{"equipment_no"=>"123", "customer_reference_no"=>"123", "seal_no"=>"123", "description"=>"1", "return_empty"=>"0", "deliver_to_id"=>"1", "collect_from_id"=>"1", "hazardous_good_id"=>"1"}, "commit"=>"Create Docket"}
  [1m[35m (0.1ms)[0m  [1m[36mbegin transaction[0m
  ↳ app/controllers/dockets_controller.rb:30
  [1m[36mAddress Load (0.1ms)[0m  [1m[34mSELECT  "addresses".* FROM "addresses" WHERE "addresses"."id" = ? LIMIT ?[0m  [["id", 1], ["LIMIT", 1]]
  ↳ app/controllers/dockets_controller.rb:30
  [1m[36mCACHE Address Load (0.0ms)[0m  [1m[34mSELECT  "addresses".* FROM "addresses" WHERE "addresses"."id" = ? LIMIT ?[0m  [["id", 1], ["LIMIT", 1]]
  ↳ app/controllers/dockets_controller.rb:30
  [1m[36mHazardousGood Load (0.2ms)[0m  [1m[34mSELECT  "hazardous_goods".* FROM "hazardous_goods" WHERE "hazardous_goods"."id" = ? LIMIT ?[0m  [["id", 1], ["LIMIT", 1]]
  ↳ app/controllers/dockets_controller.rb:30
  [1m[36mDocket Create (0.4ms)[0m  [1m[32mINSERT INTO "dockets" ("equipment_no", "customer_reference_no", "seal_no", "description", "return_empty", "deliver_to_id", "collect_from_id", "hazardous_good_id", "created_at", "updated_at") VALUES (?, ?, ?, ?, ?, ?, ?, ?, ?, ?)[0m  [["equipment_no", "123"], ["customer_reference_no", "123"], ["seal_no", "123"], ["description", "1"], ["return_empty", 0], ["deliver_to_id", 1], ["collect_from_id", 1], ["hazardous_good_id", 1], ["created_at", "2020-12-29 01:05:48.166783"], ["updated_at", "2020-12-29 01:05:48.166783"]]
  ↳ app/controllers/dockets_controller.rb:30
  [1m[35m (0.0ms)[0m  [1m[31mrollback transaction[0m
  ↳ app/controllers/dockets_controller.rb:30
Completed 500 Internal Server Error in 3327ms (ActiveRecord: 4.7ms)


  
ActiveRecord::StatementInvalid (SQLite3::SQLException: no such table: main.collect_froms: INSERT INTO "dockets" ("equipment_no", "customer_reference_no", "seal_no", "description", "return_empty", "deliver_to_id", "collect_from_id", "hazardous_good_id", "created_at", "updated_at") VALUES (?, ?, ?, ?, ?, ?, ?, ?, ?, ?)):
  
app/controllers/dockets_controller.rb:30:in `block in create'
app/controllers/dockets_controller.rb:29:in `create'
Started POST "/dockets" for ::1 at 2020-12-28 17:06:34 -0800
  [1m[35m (0.2ms)[0m  [1m[34mSELECT "schema_migrations"."version" FROM "schema_migrations" ORDER BY "schema_migrations"."version" ASC[0m
  ↳ /Users/sdiviney/.rbenv/versions/2.6.6/lib/ruby/gems/2.6.0/gems/activerecord-5.2.4.4/lib/active_record/log_subscriber.rb:98
Processing by DocketsController#create as HTML
  Parameters: {"utf8"=>"✓", "authenticity_token"=>"YjurRMqwF0SSB9P6YZhiXVkvgXSHRgcNT5C0ULSPOmhZQafM5MYCfBmeDeAGZS1s28o2q8ECbXJeHEAPit7IIg==", "docket"=>{"equipment_no"=>"123", "customer_reference_no"=>"123", "seal_no"=>"123", "description"=>"1", "return_empty"=>"0", "deliver_to_id"=>"", "collect_from_id"=>"", "hazardous_good_id"=>""}, "commit"=>"Create Docket"}
  [1m[35m (0.1ms)[0m  [1m[36mbegin transaction[0m
  ↳ (byebug):1
  [1m[35m (0.1ms)[0m  [1m[31mrollback transaction[0m
  ↳ (byebug):1
  [1m[35m (0.1ms)[0m  [1m[36mbegin transaction[0m
  ↳ app/controllers/dockets_controller.rb:30
  [1m[35m (0.0ms)[0m  [1m[31mrollback transaction[0m
  ↳ app/controllers/dockets_controller.rb:30
  Rendering dockets/new.html.erb within layouts/application
  Rendered dockets/_form.html.erb (11.7ms)
  Rendered dockets/new.html.erb within layouts/application (13.9ms)
Completed 200 OK in 20875ms (Views: 190.5ms | ActiveRecord: 0.8ms)


Started GET "/dockets" for ::1 at 2020-12-28 17:09:43 -0800
  [1m[35m (0.2ms)[0m  [1m[34mSELECT "schema_migrations"."version" FROM "schema_migrations" ORDER BY "schema_migrations"."version" ASC[0m
  ↳ /Users/sdiviney/.rbenv/versions/2.6.6/lib/ruby/gems/2.6.0/gems/activerecord-5.2.4.4/lib/active_record/log_subscriber.rb:98
Processing by DocketsController#index as HTML
  Rendering dockets/index.html.erb within layouts/application
  [1m[36mDocket Load (1.3ms)[0m  [1m[34mSELECT "dockets".* FROM "dockets"[0m
  ↳ app/views/dockets/index.html.erb:21
  Rendered dockets/index.html.erb within layouts/application (16.0ms)
Completed 200 OK in 219ms (Views: 208.1ms | ActiveRecord: 1.9ms)


Started GET "/dockets/new" for ::1 at 2020-12-28 17:09:45 -0800
Processing by DocketsController#new as HTML
  Rendering dockets/new.html.erb within layouts/application
  Rendered dockets/_form.html.erb (20.0ms)
  Rendered dockets/new.html.erb within layouts/application (21.2ms)
Completed 200 OK in 47ms (Views: 37.9ms | ActiveRecord: 0.4ms)


Started POST "/dockets" for ::1 at 2020-12-28 17:09:53 -0800
Processing by DocketsController#create as HTML
  Parameters: {"utf8"=>"✓", "authenticity_token"=>"Uyrty6tvbbmfFf5qMdDpQ7EyRJfXdSuvFNhrdA0H6uaROUC4uUiTY51uYQ4Sm6BCt7aOLvC5fdx+gyh7p8Zqow==", "docket"=>{"equipment_no"=>"123", "customer_reference_no"=>"123", "seal_no"=>"123", "description"=>"Test", "return_empty"=>"0", "deliver_to_id"=>"", "collect_from_id"=>"", "hazardous_good_id"=>"1"}, "commit"=>"Create Docket"}
  [1m[35m (0.1ms)[0m  [1m[36mbegin transaction[0m
  ↳ app/controllers/dockets_controller.rb:30
  [1m[36mHazardousGood Load (0.1ms)[0m  [1m[34mSELECT  "hazardous_goods".* FROM "hazardous_goods" WHERE "hazardous_goods"."id" = ? LIMIT ?[0m  [["id", 1], ["LIMIT", 1]]
  ↳ app/controllers/dockets_controller.rb:30
  [1m[36mDocket Create (0.4ms)[0m  [1m[32mINSERT INTO "dockets" ("equipment_no", "customer_reference_no", "seal_no", "description", "return_empty", "hazardous_good_id", "created_at", "updated_at") VALUES (?, ?, ?, ?, ?, ?, ?, ?)[0m  [["equipment_no", "123"], ["customer_reference_no", "123"], ["seal_no", "123"], ["description", "Test"], ["return_empty", 0], ["hazardous_good_id", 1], ["created_at", "2020-12-29 01:09:57.209582"], ["updated_at", "2020-12-29 01:09:57.209582"]]
  ↳ app/controllers/dockets_controller.rb:30
  [1m[35m (0.0ms)[0m  [1m[31mrollback transaction[0m
  ↳ app/controllers/dockets_controller.rb:30
Completed 500 Internal Server Error in 3609ms (ActiveRecord: 1.0ms)


  
ActiveRecord::StatementInvalid (SQLite3::SQLException: no such table: main.collect_froms: INSERT INTO "dockets" ("equipment_no", "customer_reference_no", "seal_no", "description", "return_empty", "hazardous_good_id", "created_at", "updated_at") VALUES (?, ?, ?, ?, ?, ?, ?, ?)):
  
app/controllers/dockets_controller.rb:30:in `block in create'
app/controllers/dockets_controller.rb:29:in `create'
Started POST "/dockets" for ::1 at 2020-12-28 17:10:06 -0800
Processing by DocketsController#create as HTML
  Parameters: {"utf8"=>"✓", "authenticity_token"=>"EyBU0jpWiGXAZOoU4xmFoN3gfaLDDkyP4z6HsSfVefEoWlhaFCCdXUv9NA6E5MqRXwXKfYVKJvDysnPuGYSLuw==", "docket"=>{"equipment_no"=>"123", "customer_reference_no"=>"123", "seal_no"=>"123", "description"=>"Test", "return_empty"=>"0", "deliver_to_id"=>"", "collect_from_id"=>"", "hazardous_good_id"=>"1"}, "commit"=>"Create Docket"}
  [1m[35m (0.1ms)[0m  [1m[36mbegin transaction[0m
  ↳ (byebug):1
  [1m[36mHazardousGood Load (0.2ms)[0m  [1m[34mSELECT  "hazardous_goods".* FROM "hazardous_goods" WHERE "hazardous_goods"."id" = ? LIMIT ?[0m  [["id", 1], ["LIMIT", 1]]
  ↳ (byebug):1
  [1m[36mDocket Create (0.3ms)[0m  [1m[32mINSERT INTO "dockets" ("equipment_no", "customer_reference_no", "seal_no", "description", "return_empty", "hazardous_good_id", "created_at", "updated_at") VALUES (?, ?, ?, ?, ?, ?, ?, ?)[0m  [["equipment_no", "123"], ["customer_reference_no", "123"], ["seal_no", "123"], ["description", "Test"], ["return_empty", 0], ["hazardous_good_id", 1], ["created_at", "2020-12-29 01:10:14.293826"], ["updated_at", "2020-12-29 01:10:14.293826"]]
  ↳ (byebug):1
  [1m[35m (0.1ms)[0m  [1m[31mrollback transaction[0m
  ↳ (byebug):1
  [1m[35m (1.6ms)[0m  [1m[36mbegin transaction[0m
  ↳ app/controllers/dockets_controller.rb:30
  [1m[36mDocket Create (0.9ms)[0m  [1m[32mINSERT INTO "dockets" ("equipment_no", "customer_reference_no", "seal_no", "description", "return_empty", "hazardous_good_id", "created_at", "updated_at") VALUES (?, ?, ?, ?, ?, ?, ?, ?)[0m  [["equipment_no", "123"], ["customer_reference_no", "123"], ["seal_no", "123"], ["description", "Test"], ["return_empty", 0], ["hazardous_good_id", 1], ["created_at", "2020-12-29 01:10:14.293826"], ["updated_at", "2020-12-29 01:10:14.293826"]]
  ↳ app/controllers/dockets_controller.rb:30
  [1m[35m (0.3ms)[0m  [1m[31mrollback transaction[0m
  ↳ app/controllers/dockets_controller.rb:30
  [1m[35m (0.1ms)[0m  [1m[36mbegin transaction[0m
  ↳ (byebug):1
  [1m[35m (0.0ms)[0m  [1m[31mrollback transaction[0m
  ↳ (byebug):1
  [1m[35m (0.1ms)[0m  [1m[36mbegin transaction[0m
  ↳ (byebug):1
  [1m[35m (0.1ms)[0m  [1m[31mrollback transaction[0m
  ↳ (byebug):1
  [1m[35m (0.1ms)[0m  [1m[36mbegin transaction[0m
  ↳ (byebug):1
  [1m[36mHazardousGood Load (0.1ms)[0m  [1m[34mSELECT  "hazardous_goods".* FROM "hazardous_goods" WHERE "hazardous_goods"."id" = ? LIMIT ?[0m  [["id", 1], ["LIMIT", 1]]
  ↳ (byebug):1
  [1m[36mDocket Create (0.2ms)[0m  [1m[32mINSERT INTO "dockets" ("hazardous_good_id", "created_at", "updated_at") VALUES (?, ?, ?)[0m  [["hazardous_good_id", 1], ["created_at", "2020-12-29 01:12:10.231999"], ["updated_at", "2020-12-29 01:12:10.231999"]]
  ↳ (byebug):1
  [1m[35m (0.0ms)[0m  [1m[31mrollback transaction[0m
  ↳ (byebug):1
Completed 500 Internal Server Error in 293006ms (ActiveRecord: 4.1ms)


  
ActiveRecord::StatementInvalid (SQLite3::SQLException: no such table: main.collect_froms: INSERT INTO "dockets" ("equipment_no", "customer_reference_no", "seal_no", "description", "return_empty", "hazardous_good_id", "created_at", "updated_at") VALUES (?, ?, ?, ?, ?, ?, ?, ?)):
  
app/controllers/dockets_controller.rb:30:in `block in create'
app/controllers/dockets_controller.rb:29:in `create'
Started GET "/dockets/new" for ::1 at 2020-12-28 17:15:45 -0800
Processing by DocketsController#new as HTML
  Rendering dockets/new.html.erb within layouts/application
  Rendered dockets/_form.html.erb (92.6ms)
  Rendered dockets/new.html.erb within layouts/application (119.7ms)
Completed 200 OK in 533ms (Views: 513.0ms | ActiveRecord: 0.0ms)


Started GET "/dockets/new" for ::1 at 2020-12-28 17:17:01 -0800
  [1m[35m (0.3ms)[0m  [1m[34mSELECT "schema_migrations"."version" FROM "schema_migrations" ORDER BY "schema_migrations"."version" ASC[0m
  ↳ /Users/sdiviney/.rbenv/versions/2.6.6/lib/ruby/gems/2.6.0/gems/activerecord-5.2.4.4/lib/active_record/log_subscriber.rb:98
Processing by DocketsController#new as HTML
  Rendering dockets/new.html.erb within layouts/application
  Rendered dockets/_form.html.erb (14.0ms)
  Rendered dockets/new.html.erb within layouts/application (16.0ms)
Completed 200 OK in 224ms (Views: 188.0ms | ActiveRecord: 0.8ms)


Started POST "/dockets" for ::1 at 2020-12-28 17:17:10 -0800
Processing by DocketsController#create as HTML
  Parameters: {"utf8"=>"✓", "authenticity_token"=>"sfB/MgUewjD0gVkqBxjpzrNPq8CVw5fHjfjBWZLV35CKinO6K2jXCH8YhzBg5ab/MaocH9OH/bicdDUGrIQt2g==", "docket"=>{"equipment_no"=>"123", "customer_reference_no"=>"123", "seal_no"=>"123", "description"=>"Test", "return_empty"=>"0", "deliver_to_id"=>"", "collect_from_id"=>"", "hazardous_good_id"=>"1"}, "commit"=>"Create Docket"}
  [1m[35m (1.0ms)[0m  [1m[36mbegin transaction[0m
  ↳ app/controllers/dockets_controller.rb:30
  [1m[36mHazardousGood Load (0.7ms)[0m  [1m[34mSELECT  "hazardous_goods".* FROM "hazardous_goods" WHERE "hazardous_goods"."id" = ? LIMIT ?[0m  [["id", 1], ["LIMIT", 1]]
  ↳ app/controllers/dockets_controller.rb:30
  [1m[36mDocket Create (0.9ms)[0m  [1m[32mINSERT INTO "dockets" ("equipment_no", "customer_reference_no", "seal_no", "description", "return_empty", "hazardous_good_id", "created_at", "updated_at") VALUES (?, ?, ?, ?, ?, ?, ?, ?)[0m  [["equipment_no", "123"], ["customer_reference_no", "123"], ["seal_no", "123"], ["description", "Test"], ["return_empty", 0], ["hazardous_good_id", 1], ["created_at", "2020-12-29 01:17:33.187104"], ["updated_at", "2020-12-29 01:17:33.187104"]]
  ↳ app/controllers/dockets_controller.rb:30
  [1m[35m (0.3ms)[0m  [1m[31mrollback transaction[0m
  ↳ app/controllers/dockets_controller.rb:30
Completed 500 Internal Server Error in 90655ms (ActiveRecord: 5.0ms)


  
ActiveRecord::StatementInvalid (SQLite3::SQLException: no such table: main.collect_froms: INSERT INTO "dockets" ("equipment_no", "customer_reference_no", "seal_no", "description", "return_empty", "hazardous_good_id", "created_at", "updated_at") VALUES (?, ?, ?, ?, ?, ?, ?, ?)):
  
app/controllers/dockets_controller.rb:30:in `block in create'
app/controllers/dockets_controller.rb:29:in `create'
Started GET "/dockets/new" for ::1 at 2020-12-28 17:18:49 -0800
Processing by DocketsController#new as HTML
  Rendering dockets/new.html.erb within layouts/application
  Rendered dockets/_form.html.erb (84.8ms)
  Rendered dockets/new.html.erb within layouts/application (125.3ms)
Completed 200 OK in 539ms (Views: 505.6ms | ActiveRecord: 0.0ms)


Started POST "/dockets" for ::1 at 2020-12-28 17:18:57 -0800
Processing by DocketsController#create as HTML
  Parameters: {"utf8"=>"✓", "authenticity_token"=>"LcSzTXfT2m1leBOcqmOjQ6Bxa07TVFyk1EvruTJC6VEWvr/FWaXPVe7hzYbNnuxyIpTckZUQNtvFxx/mDBMbGw==", "docket"=>{"equipment_no"=>"123", "customer_reference_no"=>"123", "seal_no"=>"123", "description"=>"test", "return_empty"=>"0", "deliver_to_id"=>"1", "collect_from_id"=>"1", "hazardous_good_id"=>"1"}, "commit"=>"Create Docket"}
  [1m[35m (0.5ms)[0m  [1m[36mbegin transaction[0m
  ↳ app/controllers/dockets_controller.rb:30
  [1m[36mHazardousGood Load (1.2ms)[0m  [1m[34mSELECT  "hazardous_goods".* FROM "hazardous_goods" WHERE "hazardous_goods"."id" = ? LIMIT ?[0m  [["id", 1], ["LIMIT", 1]]
  ↳ app/controllers/dockets_controller.rb:30
  [1m[36mDocket Create (1.1ms)[0m  [1m[32mINSERT INTO "dockets" ("equipment_no", "customer_reference_no", "seal_no", "description", "return_empty", "deliver_to_id", "collect_from_id", "hazardous_good_id", "created_at", "updated_at") VALUES (?, ?, ?, ?, ?, ?, ?, ?, ?, ?)[0m  [["equipment_no", "123"], ["customer_reference_no", "123"], ["seal_no", "123"], ["description", "test"], ["return_empty", 0], ["deliver_to_id", 1], ["collect_from_id", 1], ["hazardous_good_id", 1], ["created_at", "2020-12-29 01:19:03.788223"], ["updated_at", "2020-12-29 01:19:03.788223"]]
  ↳ app/controllers/dockets_controller.rb:30
  [1m[35m (0.4ms)[0m  [1m[31mrollback transaction[0m
  ↳ app/controllers/dockets_controller.rb:30
Started GET "/dockets" for ::1 at 2020-12-28 17:20:52 -0800
  [1m[35m (0.1ms)[0m  [1m[34mSELECT "schema_migrations"."version" FROM "schema_migrations" ORDER BY "schema_migrations"."version" ASC[0m
  ↳ /Users/sdiviney/.rbenv/versions/2.6.6/lib/ruby/gems/2.6.0/gems/activerecord-5.2.4.4/lib/active_record/log_subscriber.rb:98
Processing by DocketsController#index as HTML
  Rendering dockets/index.html.erb within layouts/application
  [1m[36mDocket Load (0.1ms)[0m  [1m[34mSELECT "dockets".* FROM "dockets"[0m
  ↳ app/views/dockets/index.html.erb:21
  Rendered dockets/index.html.erb within layouts/application (2.5ms)
Completed 200 OK in 169ms (Views: 160.5ms | ActiveRecord: 0.4ms)


Started GET "/dockets/new" for ::1 at 2020-12-28 17:20:53 -0800
Processing by DocketsController#new as HTML
  Rendering dockets/new.html.erb within layouts/application
  Rendered dockets/_form.html.erb (10.7ms)
  Rendered dockets/new.html.erb within layouts/application (11.9ms)
Completed 200 OK in 42ms (Views: 29.1ms | ActiveRecord: 0.7ms)


Started POST "/dockets" for ::1 at 2020-12-28 17:21:02 -0800
Processing by DocketsController#create as HTML
  Parameters: {"utf8"=>"✓", "authenticity_token"=>"VBWDY/NvB64xQAf9bq2ysAYvIoIXfB0KZa2y8CChSgSWBi4Q4Uj5dDM7mJlN5vuxAKvoOzCwS3kP9vH/imDKQQ==", "docket"=>{"equipment_no"=>"123", "customer_reference_no"=>"123", "seal_no"=>"123", "description"=>"test", "return_empty"=>"0", "deliver_to_id"=>"1", "collect_from_id"=>"1", "hazardous_good_id"=>"1"}, "commit"=>"Create Docket"}
  [1m[35m (0.1ms)[0m  [1m[36mbegin transaction[0m
  ↳ app/controllers/dockets_controller.rb:30
  [1m[36mHazardousGood Load (0.2ms)[0m  [1m[34mSELECT  "hazardous_goods".* FROM "hazardous_goods" WHERE "hazardous_goods"."id" = ? LIMIT ?[0m  [["id", 1], ["LIMIT", 1]]
  ↳ app/controllers/dockets_controller.rb:30
  [1m[36mDocket Create (13.6ms)[0m  [1m[32mINSERT INTO "dockets" ("equipment_no", "customer_reference_no", "seal_no", "description", "return_empty", "deliver_to_id", "collect_from_id", "hazardous_good_id", "created_at", "updated_at") VALUES (?, ?, ?, ?, ?, ?, ?, ?, ?, ?)[0m  [["equipment_no", "123"], ["customer_reference_no", "123"], ["seal_no", "123"], ["description", "test"], ["return_empty", 0], ["deliver_to_id", 1], ["collect_from_id", 1], ["hazardous_good_id", 1], ["created_at", "2020-12-29 01:21:04.068517"], ["updated_at", "2020-12-29 01:21:04.068517"]]
  ↳ app/controllers/dockets_controller.rb:30
  [1m[35m (0.1ms)[0m  [1m[31mrollback transaction[0m
  ↳ app/controllers/dockets_controller.rb:30
Completed 500 Internal Server Error in 1833ms (ActiveRecord: 14.4ms)


  
ActiveRecord::StatementInvalid (SQLite3::SQLException: no such table: main.collect_froms: INSERT INTO "dockets" ("equipment_no", "customer_reference_no", "seal_no", "description", "return_empty", "deliver_to_id", "collect_from_id", "hazardous_good_id", "created_at", "updated_at") VALUES (?, ?, ?, ?, ?, ?, ?, ?, ?, ?)):
  
app/controllers/dockets_controller.rb:30:in `block in create'
app/controllers/dockets_controller.rb:29:in `create'
  [1m[35m (0.2ms)[0m  [1m[34mSELECT "schema_migrations"."version" FROM "schema_migrations" ORDER BY "schema_migrations"."version" ASC[0m
  ↳ bin/rails:9
  [1m[35m (0.1ms)[0m  [1m[34mSELECT "ar_internal_metadata"."value" FROM "ar_internal_metadata" WHERE "ar_internal_metadata"."key" = ?[0m  [["key", "environment"]]
  ↳ bin/rails:9
  [1m[35m (0.1ms)[0m  [1m[34mSELECT "schema_migrations"."version" FROM "schema_migrations" ORDER BY "schema_migrations"."version" ASC[0m
  ↳ bin/rails:9
  [1m[35m (0.1ms)[0m  [1m[34mSELECT "ar_internal_metadata"."value" FROM "ar_internal_metadata" WHERE "ar_internal_metadata"."key" = ?[0m  [["key", "environment"]]
  ↳ bin/rails:9
  [1m[35m (0.1ms)[0m  [1m[34mSELECT "schema_migrations"."version" FROM "schema_migrations" ORDER BY "schema_migrations"."version" ASC[0m
  ↳ bin/rails:9
  [1m[35m (0.1ms)[0m  [1m[34mSELECT "ar_internal_metadata"."value" FROM "ar_internal_metadata" WHERE "ar_internal_metadata"."key" = ?[0m  [["key", "environment"]]
  ↳ bin/rails:9
  [1m[35m (0.1ms)[0m  [1m[34mSELECT sqlite_version(*)[0m
  ↳ bin/rails:9
  [1m[35m (1.5ms)[0m  [1m[35mCREATE TABLE "schema_migrations" ("version" varchar NOT NULL PRIMARY KEY)[0m
  ↳ bin/rails:9
  [1m[35m (1.1ms)[0m  [1m[35mCREATE TABLE "ar_internal_metadata" ("key" varchar NOT NULL PRIMARY KEY, "value" varchar, "created_at" datetime NOT NULL, "updated_at" datetime NOT NULL)[0m
  ↳ bin/rails:9
  [1m[35m (0.1ms)[0m  [1m[34mSELECT "schema_migrations"."version" FROM "schema_migrations" ORDER BY "schema_migrations"."version" ASC[0m
  ↳ bin/rails:9
Migrating to CreateHazardousGoods (20201228230512)
  [1m[35m (0.0ms)[0m  [1m[36mbegin transaction[0m
  ↳ bin/rails:9
  [1m[35m (0.4ms)[0m  [1m[35mCREATE TABLE "hazardous_goods" ("id" integer PRIMARY KEY AUTOINCREMENT NOT NULL, "name" varchar, "un_number" integer, "primary_class" varchar, "secondary_class" varchar, "packing_group" varchar, "tunnel_code" varchar, "created_at" datetime NOT NULL, "updated_at" datetime NOT NULL)[0m
  ↳ db/migrate/20201228230512_create_hazardous_goods.rb:3
  [1m[36mActiveRecord::SchemaMigration Create (0.2ms)[0m  [1m[32mINSERT INTO "schema_migrations" ("version") VALUES (?)[0m  [["version", "20201228230512"]]
  ↳ bin/rails:9
  [1m[35m (0.8ms)[0m  [1m[36mcommit transaction[0m
  ↳ bin/rails:9
Migrating to CreateAddresses (20201228230953)
  [1m[35m (0.0ms)[0m  [1m[36mbegin transaction[0m
  ↳ bin/rails:9
  [1m[35m (0.3ms)[0m  [1m[35mCREATE TABLE "addresses" ("id" integer PRIMARY KEY AUTOINCREMENT NOT NULL, "address" text, "lat" float, "long" float, "eircode" varchar, "created_at" datetime NOT NULL, "updated_at" datetime NOT NULL)[0m
  ↳ db/migrate/20201228230953_create_addresses.rb:3
  [1m[36mActiveRecord::SchemaMigration Create (0.1ms)[0m  [1m[32mINSERT INTO "schema_migrations" ("version") VALUES (?)[0m  [["version", "20201228230953"]]
  ↳ bin/rails:9
  [1m[35m (0.8ms)[0m  [1m[36mcommit transaction[0m
  ↳ bin/rails:9
Migrating to CreateDockets (20201229005650)
  [1m[35m (0.0ms)[0m  [1m[36mbegin transaction[0m
  ↳ bin/rails:9
  [1m[35m (0.4ms)[0m  [1m[35mCREATE TABLE "dockets" ("id" integer PRIMARY KEY AUTOINCREMENT NOT NULL, "equipment_no" varchar, "customer_reference_no" varchar, "seal_no" varchar, "description" text, "return_empty" boolean, "deliver_to_id" integer, "collect_from_id" integer, "hazardous_good_id" integer, "created_at" datetime NOT NULL, "updated_at" datetime NOT NULL, CONSTRAINT "fk_rails_7533124b30"
FOREIGN KEY ("hazardous_good_id")
  REFERENCES "hazardous_goods" ("id")
)[0m
  ↳ db/migrate/20201229005650_create_dockets.rb:3
  [1m[35m (0.1ms)[0m  [1m[35mCREATE  INDEX "index_dockets_on_deliver_to_id" ON "dockets" ("deliver_to_id")[0m
  ↳ db/migrate/20201229005650_create_dockets.rb:3
  [1m[35m (0.1ms)[0m  [1m[35mCREATE  INDEX "index_dockets_on_collect_from_id" ON "dockets" ("collect_from_id")[0m
  ↳ db/migrate/20201229005650_create_dockets.rb:3
  [1m[35m (0.1ms)[0m  [1m[35mCREATE  INDEX "index_dockets_on_hazardous_good_id" ON "dockets" ("hazardous_good_id")[0m
  ↳ db/migrate/20201229005650_create_dockets.rb:3
  [1m[36mActiveRecord::SchemaMigration Create (0.1ms)[0m  [1m[32mINSERT INTO "schema_migrations" ("version") VALUES (?)[0m  [["version", "20201229005650"]]
  ↳ bin/rails:9
  [1m[35m (0.9ms)[0m  [1m[36mcommit transaction[0m
  ↳ bin/rails:9
  [1m[36mActiveRecord::InternalMetadata Load (0.1ms)[0m  [1m[34mSELECT  "ar_internal_metadata".* FROM "ar_internal_metadata" WHERE "ar_internal_metadata"."key" = ? LIMIT ?[0m  [["key", "environment"], ["LIMIT", 1]]
  ↳ bin/rails:9
  [1m[35m (0.1ms)[0m  [1m[36mbegin transaction[0m
  ↳ bin/rails:9
  [1m[36mActiveRecord::InternalMetadata Create (0.4ms)[0m  [1m[32mINSERT INTO "ar_internal_metadata" ("key", "value", "created_at", "updated_at") VALUES (?, ?, ?, ?)[0m  [["key", "environment"], ["value", "development"], ["created_at", "2020-12-29 01:32:35.573597"], ["updated_at", "2020-12-29 01:32:35.573597"]]
  ↳ bin/rails:9
  [1m[35m (0.8ms)[0m  [1m[36mcommit transaction[0m
  ↳ bin/rails:9
  [1m[35m (0.1ms)[0m  [1m[34mSELECT "schema_migrations"."version" FROM "schema_migrations" ORDER BY "schema_migrations"."version" ASC[0m
  ↳ bin/rails:9
  [1m[35m (0.1ms)[0m  [1m[34mSELECT "schema_migrations"."version" FROM "schema_migrations" ORDER BY "schema_migrations"."version" ASC[0m
  ↳ bin/rails:9
  [1m[35m (0.0ms)[0m  [1m[36mbegin transaction[0m
  ↳ db/seeds.rb:8
  [1m[36mAddress Create (0.5ms)[0m  [1m[32mINSERT INTO "addresses" ("address", "created_at", "updated_at") VALUES (?, ?, ?)[0m  [["address", "123 Fake St"], ["created_at", "2020-12-29 01:33:04.924845"], ["updated_at", "2020-12-29 01:33:04.924845"]]
  ↳ db/seeds.rb:8
  [1m[35m (0.9ms)[0m  [1m[36mcommit transaction[0m
  ↳ db/seeds.rb:8
  [1m[35m (0.0ms)[0m  [1m[36mbegin transaction[0m
  ↳ db/seeds.rb:9
  [1m[36mHazardousGood Create (0.3ms)[0m  [1m[32mINSERT INTO "hazardous_goods" ("name", "un_number", "primary_class", "secondary_class", "packing_group", "tunnel_code", "created_at", "updated_at") VALUES (?, ?, ?, ?, ?, ?, ?, ?)[0m  [["name", "Hazardous"], ["un_number", 123], ["primary_class", "1"], ["secondary_class", "2"], ["packing_group", "II"], ["tunnel_code", "123"], ["created_at", "2020-12-29 01:33:04.935629"], ["updated_at", "2020-12-29 01:33:04.935629"]]
  ↳ db/seeds.rb:9
  [1m[35m (0.9ms)[0m  [1m[36mcommit transaction[0m
  ↳ db/seeds.rb:9
Started GET "/hazardous/new" for ::1 at 2020-12-28 17:33:11 -0800
  [1m[35m (3.5ms)[0m  [1m[34mSELECT "schema_migrations"."version" FROM "schema_migrations" ORDER BY "schema_migrations"."version" ASC[0m
  ↳ /Users/sdiviney/.rbenv/versions/2.6.6/lib/ruby/gems/2.6.0/gems/activerecord-5.2.4.4/lib/active_record/log_subscriber.rb:98
  
ActionController::RoutingError (No route matches [GET] "/hazardous/new"):
  
actionpack (5.2.4.4) lib/action_dispatch/middleware/debug_exceptions.rb:65:in `call'
web-console (3.7.0) lib/web_console/middleware.rb:135:in `call_app'
web-console (3.7.0) lib/web_console/middleware.rb:30:in `block in call'
web-console (3.7.0) lib/web_console/middleware.rb:20:in `catch'
web-console (3.7.0) lib/web_console/middleware.rb:20:in `call'
actionpack (5.2.4.4) lib/action_dispatch/middleware/show_exceptions.rb:33:in `call'
railties (5.2.4.4) lib/rails/rack/logger.rb:38:in `call_app'
railties (5.2.4.4) lib/rails/rack/logger.rb:26:in `block in call'
activesupport (5.2.4.4) lib/active_support/tagged_logging.rb:71:in `block in tagged'
activesupport (5.2.4.4) lib/active_support/tagged_logging.rb:28:in `tagged'
activesupport (5.2.4.4) lib/active_support/tagged_logging.rb:71:in `tagged'
railties (5.2.4.4) lib/rails/rack/logger.rb:26:in `call'
sprockets-rails (3.2.2) lib/sprockets/rails/quiet_assets.rb:13:in `call'
actionpack (5.2.4.4) lib/action_dispatch/middleware/remote_ip.rb:81:in `call'
actionpack (5.2.4.4) lib/action_dispatch/middleware/request_id.rb:27:in `call'
rack (2.2.3) lib/rack/method_override.rb:24:in `call'
rack (2.2.3) lib/rack/runtime.rb:22:in `call'
activesupport (5.2.4.4) lib/active_support/cache/strategy/local_cache_middleware.rb:29:in `call'
actionpack (5.2.4.4) lib/action_dispatch/middleware/executor.rb:14:in `call'
actionpack (5.2.4.4) lib/action_dispatch/middleware/static.rb:127:in `call'
rack (2.2.3) lib/rack/sendfile.rb:110:in `call'
railties (5.2.4.4) lib/rails/engine.rb:524:in `call'
puma (3.12.6) lib/puma/configuration.rb:227:in `call'
puma (3.12.6) lib/puma/server.rb:706:in `handle_request'
puma (3.12.6) lib/puma/server.rb:476:in `process_client'
puma (3.12.6) lib/puma/server.rb:334:in `block in run'
puma (3.12.6) lib/puma/thread_pool.rb:135:in `block in spawn_thread'
Started POST "/dockets" for ::1 at 2020-12-28 17:33:17 -0800
Processing by DocketsController#create as HTML
  Parameters: {"utf8"=>"✓", "authenticity_token"=>"AJCIZ/h5FHW7JtpHGVaOBwzXfhMoyINcl30N2bA6yAg76oTv1g8BTTC/BF1+q8E2jjLJzG6M6SOG8fmGjms6Qg==", "docket"=>{"equipment_no"=>"123", "customer_reference_no"=>"123", "seal_no"=>"123", "description"=>"test", "return_empty"=>"0", "deliver_to_id"=>"1", "collect_from_id"=>"1", "hazardous_good_id"=>"1"}, "commit"=>"Create Docket"}
  [1m[35m (0.1ms)[0m  [1m[36mbegin transaction[0m
  ↳ app/controllers/dockets_controller.rb:30
  [1m[36mHazardousGood Load (0.1ms)[0m  [1m[34mSELECT  "hazardous_goods".* FROM "hazardous_goods" WHERE "hazardous_goods"."id" = ? LIMIT ?[0m  [["id", 1], ["LIMIT", 1]]
  ↳ app/controllers/dockets_controller.rb:30
  [1m[36mDocket Create (0.6ms)[0m  [1m[32mINSERT INTO "dockets" ("equipment_no", "customer_reference_no", "seal_no", "description", "return_empty", "deliver_to_id", "collect_from_id", "hazardous_good_id", "created_at", "updated_at") VALUES (?, ?, ?, ?, ?, ?, ?, ?, ?, ?)[0m  [["equipment_no", "123"], ["customer_reference_no", "123"], ["seal_no", "123"], ["description", "test"], ["return_empty", 0], ["deliver_to_id", 1], ["collect_from_id", 1], ["hazardous_good_id", 1], ["created_at", "2020-12-29 01:33:18.808874"], ["updated_at", "2020-12-29 01:33:18.808874"]]
  ↳ app/controllers/dockets_controller.rb:30
  [1m[35m (0.8ms)[0m  [1m[36mcommit transaction[0m
  ↳ app/controllers/dockets_controller.rb:30
Redirected to http://localhost:3000/dockets/1
Completed 302 Found in 1551ms (ActiveRecord: 2.5ms)


Started GET "/dockets/1" for ::1 at 2020-12-28 17:33:18 -0800
Processing by DocketsController#show as HTML
  Parameters: {"id"=>"1"}
  [1m[36mDocket Load (0.2ms)[0m  [1m[34mSELECT  "dockets".* FROM "dockets" WHERE "dockets"."id" = ? LIMIT ?[0m  [["id", 1], ["LIMIT", 1]]
  ↳ app/controllers/dockets_controller.rb:67
  Rendering dockets/show.html.erb within layouts/application
  [1m[36mAddress Load (0.1ms)[0m  [1m[34mSELECT  "addresses".* FROM "addresses" WHERE "addresses"."id" = ? LIMIT ?[0m  [["id", 1], ["LIMIT", 1]]
  ↳ app/views/dockets/show.html.erb:30
  [1m[36mCACHE Address Load (0.0ms)[0m  [1m[34mSELECT  "addresses".* FROM "addresses" WHERE "addresses"."id" = ? LIMIT ?[0m  [["id", 1], ["LIMIT", 1]]
  ↳ app/views/dockets/show.html.erb:35
  [1m[36mHazardousGood Load (0.1ms)[0m  [1m[34mSELECT  "hazardous_goods".* FROM "hazardous_goods" WHERE "hazardous_goods"."id" = ? LIMIT ?[0m  [["id", 1], ["LIMIT", 1]]
  ↳ app/views/dockets/show.html.erb:40
  Rendered dockets/show.html.erb within layouts/application (12.6ms)
Completed 200 OK in 286ms (Views: 263.6ms | ActiveRecord: 1.1ms)


Started GET "/dockets" for ::1 at 2020-12-28 17:33:24 -0800
Processing by DocketsController#index as HTML
  Rendering dockets/index.html.erb within layouts/application
  [1m[36mDocket Load (0.2ms)[0m  [1m[34mSELECT "dockets".* FROM "dockets"[0m
  ↳ app/views/dockets/index.html.erb:21
  [1m[36mAddress Load (0.1ms)[0m  [1m[34mSELECT  "addresses".* FROM "addresses" WHERE "addresses"."id" = ? LIMIT ?[0m  [["id", 1], ["LIMIT", 1]]
  ↳ app/views/dockets/index.html.erb:28
  [1m[36mCACHE Address Load (0.0ms)[0m  [1m[34mSELECT  "addresses".* FROM "addresses" WHERE "addresses"."id" = ? LIMIT ?[0m  [["id", 1], ["LIMIT", 1]]
  ↳ app/views/dockets/index.html.erb:29
  [1m[36mHazardousGood Load (0.1ms)[0m  [1m[34mSELECT  "hazardous_goods".* FROM "hazardous_goods" WHERE "hazardous_goods"."id" = ? LIMIT ?[0m  [["id", 1], ["LIMIT", 1]]
  ↳ app/views/dockets/index.html.erb:30
  Rendered dockets/index.html.erb within layouts/application (3.6ms)
Completed 200 OK in 25ms (Views: 23.5ms | ActiveRecord: 0.4ms)


Started GET "/dockets/new" for ::1 at 2020-12-28 17:33:29 -0800
Processing by DocketsController#new as HTML
  Rendering dockets/new.html.erb within layouts/application
  Rendered dockets/_form.html.erb (9.7ms)
  Rendered dockets/new.html.erb within layouts/application (11.3ms)
Completed 200 OK in 31ms (Views: 28.7ms | ActiveRecord: 0.0ms)


Started POST "/dockets" for ::1 at 2020-12-28 17:33:37 -0800
Processing by DocketsController#create as HTML
  Parameters: {"utf8"=>"✓", "authenticity_token"=>"fd0iQQ40VqzKBwX8soLaJxQoaRiWNRRTSyABUhkWyBS/zo8yHBOodsh8mpiRyZMmEqyjobH5QiAhe0Jds9dIUQ==", "docket"=>{"equipment_no"=>"1", "customer_reference_no"=>"1", "seal_no"=>"1", "description"=>"", "return_empty"=>"0", "deliver_to_id"=>"", "collect_from_id"=>"", "hazardous_good_id"=>""}, "commit"=>"Create Docket"}
  [1m[35m (0.1ms)[0m  [1m[36mbegin transaction[0m
  ↳ app/controllers/dockets_controller.rb:30
  [1m[35m (0.4ms)[0m  [1m[31mrollback transaction[0m
  ↳ app/controllers/dockets_controller.rb:30
  Rendering dockets/new.html.erb within layouts/application
  Rendered dockets/_form.html.erb (3.2ms)
  Rendered dockets/new.html.erb within layouts/application (4.3ms)
Completed 200 OK in 3316ms (Views: 35.0ms | ActiveRecord: 0.5ms)


Started POST "/dockets" for ::1 at 2020-12-28 17:33:44 -0800
Processing by DocketsController#create as HTML
  Parameters: {"utf8"=>"✓", "authenticity_token"=>"Sxg1elipxX7rX1EyrcZQuVORoDWSEbWeew6+CeSUASVwYjnydt/QRmDGjyjKOx+I0XQX6tRV3+FqgkpW2sXzbw==", "docket"=>{"equipment_no"=>"1", "customer_reference_no"=>"1", "seal_no"=>"1", "description"=>"", "return_empty"=>"0", "deliver_to_id"=>"", "collect_from_id"=>"", "hazardous_good_id"=>"1"}, "commit"=>"Create Docket"}
  [1m[35m (0.1ms)[0m  [1m[36mbegin transaction[0m
  ↳ app/controllers/dockets_controller.rb:30
  [1m[36mHazardousGood Load (0.2ms)[0m  [1m[34mSELECT  "hazardous_goods".* FROM "hazardous_goods" WHERE "hazardous_goods"."id" = ? LIMIT ?[0m  [["id", 1], ["LIMIT", 1]]
  ↳ app/controllers/dockets_controller.rb:30
  [1m[36mDocket Create (0.7ms)[0m  [1m[32mINSERT INTO "dockets" ("equipment_no", "customer_reference_no", "seal_no", "description", "return_empty", "hazardous_good_id", "created_at", "updated_at") VALUES (?, ?, ?, ?, ?, ?, ?, ?)[0m  [["equipment_no", "1"], ["customer_reference_no", "1"], ["seal_no", "1"], ["description", ""], ["return_empty", 0], ["hazardous_good_id", 1], ["created_at", "2020-12-29 01:33:48.083135"], ["updated_at", "2020-12-29 01:33:48.083135"]]
  ↳ app/controllers/dockets_controller.rb:30
  [1m[35m (0.9ms)[0m  [1m[36mcommit transaction[0m
  ↳ app/controllers/dockets_controller.rb:30
Redirected to http://localhost:3000/dockets/2
Completed 302 Found in 3348ms (ActiveRecord: 1.9ms)


Started GET "/dockets/2" for ::1 at 2020-12-28 17:33:48 -0800
Processing by DocketsController#show as HTML
  Parameters: {"id"=>"2"}
  [1m[36mDocket Load (0.2ms)[0m  [1m[34mSELECT  "dockets".* FROM "dockets" WHERE "dockets"."id" = ? LIMIT ?[0m  [["id", 2], ["LIMIT", 1]]
  ↳ app/controllers/dockets_controller.rb:67
  Rendering dockets/show.html.erb within layouts/application
  [1m[36mHazardousGood Load (0.1ms)[0m  [1m[34mSELECT  "hazardous_goods".* FROM "hazardous_goods" WHERE "hazardous_goods"."id" = ? LIMIT ?[0m  [["id", 1], ["LIMIT", 1]]
  ↳ app/views/dockets/show.html.erb:40
  Rendered dockets/show.html.erb within layouts/application (1.5ms)
Completed 200 OK in 25ms (Views: 23.6ms | ActiveRecord: 0.3ms)


Started GET "/dockets" for ::1 at 2020-12-28 17:34:54 -0800
  [1m[35m (0.1ms)[0m  [1m[34mSELECT "schema_migrations"."version" FROM "schema_migrations" ORDER BY "schema_migrations"."version" ASC[0m
  ↳ /Users/sdiviney/.rbenv/versions/2.6.6/lib/ruby/gems/2.6.0/gems/activerecord-5.2.4.4/lib/active_record/log_subscriber.rb:98
Processing by DocketsController#index as HTML
  Rendering dockets/index.html.erb within layouts/application
  [1m[36mDocket Load (0.2ms)[0m  [1m[34mSELECT "dockets".* FROM "dockets"[0m
  ↳ app/views/dockets/index.html.erb:21
  [1m[36mAddress Load (0.2ms)[0m  [1m[34mSELECT  "addresses".* FROM "addresses" WHERE "addresses"."id" = ? LIMIT ?[0m  [["id", 1], ["LIMIT", 1]]
  ↳ app/views/dockets/index.html.erb:28
  [1m[36mCACHE Address Load (0.0ms)[0m  [1m[34mSELECT  "addresses".* FROM "addresses" WHERE "addresses"."id" = ? LIMIT ?[0m  [["id", 1], ["LIMIT", 1]]
  ↳ app/views/dockets/index.html.erb:29
  [1m[36mHazardousGood Load (0.1ms)[0m  [1m[34mSELECT  "hazardous_goods".* FROM "hazardous_goods" WHERE "hazardous_goods"."id" = ? LIMIT ?[0m  [["id", 1], ["LIMIT", 1]]
  ↳ app/views/dockets/index.html.erb:30
  [1m[36mCACHE HazardousGood Load (0.0ms)[0m  [1m[34mSELECT  "hazardous_goods".* FROM "hazardous_goods" WHERE "hazardous_goods"."id" = ? LIMIT ?[0m  [["id", 1], ["LIMIT", 1]]
  ↳ app/views/dockets/index.html.erb:30
  Rendered dockets/index.html.erb within layouts/application (34.6ms)
Completed 200 OK in 233ms (Views: 223.9ms | ActiveRecord: 1.9ms)


Started GET "/dockets/1" for ::1 at 2020-12-28 17:34:57 -0800
Processing by DocketsController#show as HTML
  Parameters: {"id"=>"1"}
  [1m[36mDocket Load (0.2ms)[0m  [1m[34mSELECT  "dockets".* FROM "dockets" WHERE "dockets"."id" = ? LIMIT ?[0m  [["id", 1], ["LIMIT", 1]]
  ↳ app/controllers/dockets_controller.rb:67
  Rendering dockets/show.html.erb within layouts/application
  [1m[36mAddress Load (0.1ms)[0m  [1m[34mSELECT  "addresses".* FROM "addresses" WHERE "addresses"."id" = ? LIMIT ?[0m  [["id", 1], ["LIMIT", 1]]
  ↳ app/views/dockets/show.html.erb:30
  [1m[36mCACHE Address Load (0.0ms)[0m  [1m[34mSELECT  "addresses".* FROM "addresses" WHERE "addresses"."id" = ? LIMIT ?[0m  [["id", 1], ["LIMIT", 1]]
  ↳ app/views/dockets/show.html.erb:35
  [1m[36mHazardousGood Load (0.1ms)[0m  [1m[34mSELECT  "hazardous_goods".* FROM "hazardous_goods" WHERE "hazardous_goods"."id" = ? LIMIT ?[0m  [["id", 1], ["LIMIT", 1]]
  ↳ app/views/dockets/show.html.erb:40
  Rendered dockets/show.html.erb within layouts/application (2.4ms)
Completed 200 OK in 26ms (Views: 24.0ms | ActiveRecord: 0.4ms)


Started GET "/" for ::1 at 2020-12-28 17:36:39 -0800
  [1m[35m (0.3ms)[0m  [1m[34mSELECT "schema_migrations"."version" FROM "schema_migrations" ORDER BY "schema_migrations"."version" ASC[0m
  ↳ /Users/sdiviney/.rbenv/versions/2.6.6/lib/ruby/gems/2.6.0/gems/activerecord-5.2.4.4/lib/active_record/log_subscriber.rb:98
Processing by Rails::WelcomeController#index as HTML
  Rendering /Users/sdiviney/.rbenv/versions/2.6.6/lib/ruby/gems/2.6.0/gems/railties-5.2.4.4/lib/rails/templates/rails/welcome/index.html.erb
  Rendered /Users/sdiviney/.rbenv/versions/2.6.6/lib/ruby/gems/2.6.0/gems/railties-5.2.4.4/lib/rails/templates/rails/welcome/index.html.erb (2.2ms)
Completed 200 OK in 9ms (Views: 4.4ms | ActiveRecord: 0.0ms)


Started GET "/dockets" for ::1 at 2020-12-28 17:36:42 -0800
Processing by DocketsController#index as HTML
  Rendering dockets/index.html.erb within layouts/application
  [1m[36mDocket Load (0.2ms)[0m  [1m[34mSELECT "dockets".* FROM "dockets"[0m
  ↳ app/views/dockets/index.html.erb:21
  [1m[36mAddress Load (0.2ms)[0m  [1m[34mSELECT  "addresses".* FROM "addresses" WHERE "addresses"."id" = ? LIMIT ?[0m  [["id", 1], ["LIMIT", 1]]
  ↳ app/views/dockets/index.html.erb:28
  [1m[36mCACHE Address Load (0.0ms)[0m  [1m[34mSELECT  "addresses".* FROM "addresses" WHERE "addresses"."id" = ? LIMIT ?[0m  [["id", 1], ["LIMIT", 1]]
  ↳ app/views/dockets/index.html.erb:29
  [1m[36mHazardousGood Load (0.2ms)[0m  [1m[34mSELECT  "hazardous_goods".* FROM "hazardous_goods" WHERE "hazardous_goods"."id" = ? LIMIT ?[0m  [["id", 1], ["LIMIT", 1]]
  ↳ app/views/dockets/index.html.erb:30
  [1m[36mCACHE HazardousGood Load (0.0ms)[0m  [1m[34mSELECT  "hazardous_goods".* FROM "hazardous_goods" WHERE "hazardous_goods"."id" = ? LIMIT ?[0m  [["id", 1], ["LIMIT", 1]]
  ↳ app/views/dockets/index.html.erb:30
  Rendered dockets/index.html.erb within layouts/application (62.2ms)
Completed 200 OK in 256ms (Views: 249.3ms | ActiveRecord: 2.5ms)


Started GET "/dockets/new" for ::1 at 2020-12-28 17:37:16 -0800
  [1m[35m (0.1ms)[0m  [1m[34mSELECT "schema_migrations"."version" FROM "schema_migrations" ORDER BY "schema_migrations"."version" ASC[0m
  ↳ /Users/sdiviney/.rbenv/versions/2.6.6/lib/ruby/gems/2.6.0/gems/activerecord-5.2.4.4/lib/active_record/log_subscriber.rb:98
Processing by DocketsController#new as HTML
  Rendering dockets/new.html.erb within layouts/application
  Rendered dockets/_form.html.erb (11.9ms)
  Rendered dockets/new.html.erb within layouts/application (13.5ms)
Completed 200 OK in 206ms (Views: 181.1ms | ActiveRecord: 0.8ms)


Started POST "/dockets" for ::1 at 2020-12-28 17:37:25 -0800
Processing by DocketsController#create as HTML
  Parameters: {"utf8"=>"✓", "authenticity_token"=>"6UDusbEHTiu2vCudwT0nDDyqtbZn3zIpskDwyXJ9VnjSOuI5n3FbEz0l9YemwGg9vk8CaSGbWFajzASWTCykMg==", "docket"=>{"equipment_no"=>"12231", "customer_reference_no"=>"213", "seal_no"=>"21", "description"=>"testing", "return_empty"=>"0", "deliver_to_id"=>"", "collect_from_id"=>"", "hazardous_good_id"=>""}, "commit"=>"Create Docket"}
  [1m[35m (0.1ms)[0m  [1m[36mbegin transaction[0m
  ↳ app/controllers/dockets_controller.rb:30
  [1m[36mDocket Create (0.6ms)[0m  [1m[32mINSERT INTO "dockets" ("equipment_no", "customer_reference_no", "seal_no", "description", "return_empty", "created_at", "updated_at") VALUES (?, ?, ?, ?, ?, ?, ?)[0m  [["equipment_no", "12231"], ["customer_reference_no", "213"], ["seal_no", "21"], ["description", "testing"], ["return_empty", 0], ["created_at", "2020-12-29 01:37:25.338482"], ["updated_at", "2020-12-29 01:37:25.338482"]]
  ↳ app/controllers/dockets_controller.rb:30
  [1m[35m (0.8ms)[0m  [1m[36mcommit transaction[0m
  ↳ app/controllers/dockets_controller.rb:30
Redirected to http://localhost:3000/dockets/3
Completed 302 Found in 5ms (ActiveRecord: 1.5ms)


Started GET "/dockets/3" for ::1 at 2020-12-28 17:37:25 -0800
Processing by DocketsController#show as HTML
  Parameters: {"id"=>"3"}
  [1m[36mDocket Load (0.2ms)[0m  [1m[34mSELECT  "dockets".* FROM "dockets" WHERE "dockets"."id" = ? LIMIT ?[0m  [["id", 3], ["LIMIT", 1]]
  ↳ app/controllers/dockets_controller.rb:67
  Rendering dockets/show.html.erb within layouts/application
  Rendered dockets/show.html.erb within layouts/application (7.3ms)
Completed 200 OK in 27ms (Views: 24.3ms | ActiveRecord: 0.2ms)


Started GET "/dockets" for ::1 at 2020-12-28 17:37:30 -0800
Processing by DocketsController#index as HTML
  Rendering dockets/index.html.erb within layouts/application
  [1m[36mDocket Load (0.2ms)[0m  [1m[34mSELECT "dockets".* FROM "dockets"[0m
  ↳ app/views/dockets/index.html.erb:21
  [1m[36mAddress Load (0.2ms)[0m  [1m[34mSELECT  "addresses".* FROM "addresses" WHERE "addresses"."id" = ? LIMIT ?[0m  [["id", 1], ["LIMIT", 1]]
  ↳ app/views/dockets/index.html.erb:28
  [1m[36mCACHE Address Load (0.0ms)[0m  [1m[34mSELECT  "addresses".* FROM "addresses" WHERE "addresses"."id" = ? LIMIT ?[0m  [["id", 1], ["LIMIT", 1]]
  ↳ app/views/dockets/index.html.erb:29
  [1m[36mHazardousGood Load (0.3ms)[0m  [1m[34mSELECT  "hazardous_goods".* FROM "hazardous_goods" WHERE "hazardous_goods"."id" = ? LIMIT ?[0m  [["id", 1], ["LIMIT", 1]]
  ↳ app/views/dockets/index.html.erb:30
  [1m[36mCACHE HazardousGood Load (0.0ms)[0m  [1m[34mSELECT  "hazardous_goods".* FROM "hazardous_goods" WHERE "hazardous_goods"."id" = ? LIMIT ?[0m  [["id", 1], ["LIMIT", 1]]
  ↳ app/views/dockets/index.html.erb:30
  Rendered dockets/index.html.erb within layouts/application (23.2ms)
Completed 200 OK in 47ms (Views: 43.1ms | ActiveRecord: 2.0ms)


